0 info it worked if it ends with ok
1 verbose cli [ 'C:\\Program Files\\nodejs\\node.exe',
1 verbose cli   'C:\\Program Files\\nodejs\\node_modules\\npm\\bin\\npm-cli.js',
1 verbose cli   'install',
1 verbose cli   'enum',
1 verbose cli   '--save' ]
2 info using npm@2.14.7
3 info using node@v4.2.1
4 verbose install initial load of C:\Users\Desenvolvedor\Nodejs\orders_now\Server\package.json
5 warn package.json pedido@1.0.0 No description
6 warn package.json pedido@1.0.0 No repository field.
7 warn package.json pedido@1.0.0 No README data
8 verbose installManyTop reading scoped package data from C:\Users\Desenvolvedor\Nodejs\orders_now\Server\node_modules\body-parser\package.json
9 verbose installManyTop reading scoped package data from C:\Users\Desenvolvedor\Nodejs\orders_now\Server\node_modules\consolidate\package.json
10 verbose installManyTop reading scoped package data from C:\Users\Desenvolvedor\Nodejs\orders_now\Server\node_modules\ejs-locals\package.json
11 verbose installManyTop reading scoped package data from C:\Users\Desenvolvedor\Nodejs\orders_now\Server\node_modules\express\package.json
12 verbose installManyTop reading scoped package data from C:\Users\Desenvolvedor\Nodejs\orders_now\Server\node_modules\http\package.json
13 verbose installManyTop reading scoped package data from C:\Users\Desenvolvedor\Nodejs\orders_now\Server\node_modules\mongoose\package.json
14 verbose installManyTop reading scoped package data from C:\Users\Desenvolvedor\Nodejs\orders_now\Server\node_modules\mongoose-auto-increment\package.json
15 verbose installManyTop reading scoped package data from C:\Users\Desenvolvedor\Nodejs\orders_now\Server\node_modules\reload\package.json
16 verbose installManyTop reading scoped package data from C:\Users\Desenvolvedor\Nodejs\orders_now\Server\node_modules\swig\package.json
17 info package.json reload@0.5.0 No license field.
18 info package.json mongoose-auto-increment@4.0.0 No license field.
19 info package.json http@0.0.0 http is also the name of a node core module.
20 info package.json http@0.0.0 No description
21 info package.json http@0.0.0 No repository field.
22 info package.json http@0.0.0 No README data
23 info package.json ejs-locals@1.0.2 No license field.
24 verbose readDependencies loading dependencies from C:\Users\Desenvolvedor\Nodejs\orders_now\Server\package.json
25 silly cache add args [ 'enum', null ]
26 verbose cache add spec enum
27 silly cache add parsed spec Result {
27 silly cache add   raw: 'enum',
27 silly cache add   scope: null,
27 silly cache add   name: 'enum',
27 silly cache add   rawSpec: '',
27 silly cache add   spec: '*',
27 silly cache add   type: 'range' }
28 silly addNamed enum@*
29 verbose addNamed "*" is a valid semver range for enum
30 silly addNameRange { name: 'enum', range: '*', hasData: false }
31 silly mapToRegistry name enum
32 silly mapToRegistry using default registry
33 silly mapToRegistry registry https://registry.npmjs.org/
34 silly mapToRegistry uri https://registry.npmjs.org/enum
35 verbose addNameRange registry:https://registry.npmjs.org/enum not in flight; fetching
36 verbose request uri https://registry.npmjs.org/enum
37 verbose request no auth needed
38 info attempt registry request try #1 at 19:33:30
39 verbose request id 00351b7adb77ccd1
40 http request GET https://registry.npmjs.org/enum
41 http 200 https://registry.npmjs.org/enum
42 verbose headers { server: 'CouchDB/1.5.0 (Erlang OTP/R16B03)',
42 verbose headers   etag: '"ACPJDJVRSAPLFNHBZ7ETJZVRH"',
42 verbose headers   'content-type': 'application/json',
42 verbose headers   'cache-control': 'max-age=60',
42 verbose headers   'content-length': '27593',
42 verbose headers   'accept-ranges': 'bytes',
42 verbose headers   date: 'Tue, 20 Oct 2015 21:33:32 GMT',
42 verbose headers   via: '1.1 varnish',
42 verbose headers   age: '0',
42 verbose headers   connection: 'keep-alive',
42 verbose headers   'x-served-by': 'cache-sjc3131-SJC',
42 verbose headers   'x-cache': 'HIT',
42 verbose headers   'x-cache-hits': '1',
42 verbose headers   'x-timer': 'S1445376812.015407,VS0,VE92',
42 verbose headers   vary: 'Accept' }
43 silly get cb [ 200,
43 silly get   { server: 'CouchDB/1.5.0 (Erlang OTP/R16B03)',
43 silly get     etag: '"ACPJDJVRSAPLFNHBZ7ETJZVRH"',
43 silly get     'content-type': 'application/json',
43 silly get     'cache-control': 'max-age=60',
43 silly get     'content-length': '27593',
43 silly get     'accept-ranges': 'bytes',
43 silly get     date: 'Tue, 20 Oct 2015 21:33:32 GMT',
43 silly get     via: '1.1 varnish',
43 silly get     age: '0',
43 silly get     connection: 'keep-alive',
43 silly get     'x-served-by': 'cache-sjc3131-SJC',
43 silly get     'x-cache': 'HIT',
43 silly get     'x-cache-hits': '1',
43 silly get     'x-timer': 'S1445376812.015407,VS0,VE92',
43 silly get     vary: 'Accept' } ]
44 verbose get saving enum to C:\Users\Desenvolvedor\AppData\Roaming\npm-cache\registry.npmjs.org\enum\.cache.json
45 silly addNameRange number 2 { name: 'enum', range: '*', hasData: true }
46 silly addNameRange versions [ 'enum',
46 silly addNameRange   [ '0.1.0',
46 silly addNameRange     '0.2.0',
46 silly addNameRange     '0.2.1',
46 silly addNameRange     '0.2.2',
46 silly addNameRange     '0.2.3',
46 silly addNameRange     '0.2.4',
46 silly addNameRange     '0.2.5',
46 silly addNameRange     '0.2.6',
46 silly addNameRange     '0.2.7',
46 silly addNameRange     '1.0.0',
46 silly addNameRange     '1.1.0',
46 silly addNameRange     '2.0.0',
46 silly addNameRange     '2.0.1',
46 silly addNameRange     '2.0.2',
46 silly addNameRange     '2.1.0',
46 silly addNameRange     '2.2.0' ] ]
47 silly addNamed enum@2.2.0
48 verbose addNamed "2.2.0" is a plain semver version for enum
49 silly mapToRegistry name enum
50 silly mapToRegistry using default registry
51 silly mapToRegistry registry https://registry.npmjs.org/
52 silly mapToRegistry uri https://registry.npmjs.org/enum
53 verbose addRemoteTarball https://registry.npmjs.org/enum/-/enum-2.2.0.tgz not in flight; adding
54 verbose addRemoteTarball [ 'https://registry.npmjs.org/enum/-/enum-2.2.0.tgz',
54 verbose addRemoteTarball   '6129fd41d10707a8fd9ca48a5620dedab7d876bd' ]
55 info retry fetch attempt 1 at 19:33:31
56 info attempt registry request try #1 at 19:33:31
57 http fetch GET https://registry.npmjs.org/enum/-/enum-2.2.0.tgz
58 http fetch 200 https://registry.npmjs.org/enum/-/enum-2.2.0.tgz
59 silly fetchAndShaCheck shasum 6129fd41d10707a8fd9ca48a5620dedab7d876bd
60 verbose addTmpTarball C:\Users\DESENV~1\AppData\Local\Temp\npm-9928-ca02024c\registry.npmjs.org\enum\-\enum-2.2.0.tgz not in flight; adding
61 verbose addTmpTarball already have metadata; skipping unpack for enum@2.2.0
62 silly cache afterAdd enum@2.2.0
63 verbose afterAdd C:\Users\Desenvolvedor\AppData\Roaming\npm-cache\enum\2.2.0\package\package.json not in flight; writing
64 verbose afterAdd C:\Users\Desenvolvedor\AppData\Roaming\npm-cache\enum\2.2.0\package\package.json written
65 silly install resolved [ { author: { name: 'adrai' },
65 silly install resolved     name: 'enum',
65 silly install resolved     version: '2.2.0',
65 silly install resolved     private: false,
65 silly install resolved     main: 'index.js',
65 silly install resolved     engines: { node: '>=0.6.0' },
65 silly install resolved     directories: { lib: './lib' },
65 silly install resolved     dependencies: {},
65 silly install resolved     devDependencies:
65 silly install resolved      { 'expect.js': '>= 0.1.2',
65 silly install resolved        gulp: '^3.8.11',
65 silly install resolved        'gulp-babel': '^4.0.0',
65 silly install resolved        'gulp-bench': '^1.1.0',
65 silly install resolved        'gulp-browserify': '^0.5.1',
65 silly install resolved        'gulp-mocha': '^2.0.0',
65 silly install resolved        'gulp-rename': '^1.2.0',
65 silly install resolved        'gulp-rimraf': '^0.1.1',
65 silly install resolved        'gulp-shell': '^0.4.0',
65 silly install resolved        'gulp-uglify': '^1.1.0',
65 silly install resolved        mocha: '>= 1.0.1',
65 silly install resolved        zuul: '>= 1.0.1' },
65 silly install resolved     description: 'Enum is a javascript module that introduces the Enum Type. It works for node.js and in the browser.',
65 silly install resolved     keywords: [ 'enum' ],
65 silly install resolved     homepage: 'https://github.com/adrai/enum',
65 silly install resolved     repository: { type: 'git', url: 'git+ssh://git@github.com/adrai/enum.git' },
65 silly install resolved     bugs: { url: 'https://github.com/adrai/enum/issues' },
65 silly install resolved     licenses: [ [Object] ],
65 silly install resolved     scripts:
65 silly install resolved      { test: 'gulp test-ci',
65 silly install resolved        build: 'gulp build',
65 silly install resolved        'patch-release': 'npm run build && npm run test && npm version patch && npm publish && git push --follow-tags',
65 silly install resolved        'minor-release': 'npm run build && npm run test && npm version minor && npm publish && git push --follow-tags',
65 silly install resolved        'major-release': 'npm run build && npm run test && npm version major && npm publish && git push --follow-tags',
65 silly install resolved        prepublish: 'gulp' },
65 silly install resolved     testling: { browsers: [Object], harness: 'mocha', files: 'test/*.js' },
65 silly install resolved     gitHead: '25a6c2ff225a9bbd22d60390b13fc92b0525a65f',
65 silly install resolved     _id: 'enum@2.2.0',
65 silly install resolved     _shasum: '6129fd41d10707a8fd9ca48a5620dedab7d876bd',
65 silly install resolved     _from: 'enum@*',
65 silly install resolved     _npmVersion: '2.11.3',
65 silly install resolved     _nodeVersion: '0.12.7',
65 silly install resolved     _npmUser: { name: 'adrai', email: 'adriano@raiano.ch' },
65 silly install resolved     maintainers: [ [Object], [Object] ],
65 silly install resolved     dist:
65 silly install resolved      { shasum: '6129fd41d10707a8fd9ca48a5620dedab7d876bd',
65 silly install resolved        tarball: 'http://registry.npmjs.org/enum/-/enum-2.2.0.tgz' },
65 silly install resolved     _resolved: 'https://registry.npmjs.org/enum/-/enum-2.2.0.tgz' } ]
66 info install enum@2.2.0 into C:\Users\Desenvolvedor\Nodejs\orders_now\Server
67 info installOne enum@2.2.0
68 verbose installOne of enum to C:\Users\Desenvolvedor\Nodejs\orders_now\Server not in flight; installing
69 verbose lock using C:\Users\Desenvolvedor\AppData\Roaming\npm-cache\_locks\enum-977eac925b08f5c5.lock for C:\Users\Desenvolvedor\Nodejs\orders_now\Server\node_modules\enum
70 silly install write writing enum 2.2.0 to C:\Users\Desenvolvedor\Nodejs\orders_now\Server\node_modules\enum
71 verbose unbuild node_modules\enum
72 silly gentlyRm C:\Users\Desenvolvedor\Nodejs\orders_now\Server\node_modules\enum is being purged from base C:\Users\Desenvolvedor\Nodejs\orders_now\Server
73 verbose gentlyRm don't care about contents; nuking C:\Users\Desenvolvedor\Nodejs\orders_now\Server\node_modules\enum
74 verbose tar unpack C:\Users\Desenvolvedor\AppData\Roaming\npm-cache\enum\2.2.0\package.tgz
75 verbose tar unpacking to C:\Users\Desenvolvedor\Nodejs\orders_now\Server\node_modules\enum
76 silly gentlyRm C:\Users\Desenvolvedor\Nodejs\orders_now\Server\node_modules\enum is being purged
77 verbose gentlyRm don't care about contents; nuking C:\Users\Desenvolvedor\Nodejs\orders_now\Server\node_modules\enum
78 silly gunzTarPerm modes [ '777', '666' ]
79 silly gunzTarPerm extractEntry package.json
80 silly gunzTarPerm modified mode [ 'package.json', 420, 438 ]
81 silly gunzTarPerm extractEntry README.md
82 silly gunzTarPerm modified mode [ 'README.md', 420, 438 ]
83 silly gunzTarPerm extractEntry enum-2.2.0.js
84 silly gunzTarPerm modified mode [ 'enum-2.2.0.js', 420, 438 ]
85 silly gunzTarPerm extractEntry enum-2.2.0.min.js
86 silly gunzTarPerm modified mode [ 'enum-2.2.0.min.js', 420, 438 ]
87 silly gunzTarPerm extractEntry index.js
88 silly gunzTarPerm modified mode [ 'index.js', 420, 438 ]
89 silly gunzTarPerm extractEntry dist/enum.js
90 silly gunzTarPerm modified mode [ 'dist/enum.js', 420, 438 ]
91 silly gunzTarPerm extractEntry dist/enumItem.js
92 silly gunzTarPerm modified mode [ 'dist/enumItem.js', 420, 438 ]
93 silly gunzTarPerm extractEntry dist/indexOf.js
94 silly gunzTarPerm modified mode [ 'dist/indexOf.js', 420, 438 ]
95 silly gunzTarPerm extractEntry dist/isType.js
96 silly gunzTarPerm modified mode [ 'dist/isType.js', 420, 438 ]
97 silly gunzTarPerm extractEntry licence
98 silly gunzTarPerm modified mode [ 'licence', 420, 438 ]
99 verbose write writing to C:\Users\Desenvolvedor\Nodejs\orders_now\Server\node_modules\enum\package.json
100 info preinstall enum@2.2.0
101 verbose readDependencies loading dependencies from C:\Users\Desenvolvedor\Nodejs\orders_now\Server\node_modules\enum\package.json
102 verbose readDependencies loading dependencies from C:\Users\Desenvolvedor\Nodejs\orders_now\Server\node_modules\enum\package.json
103 silly install resolved []
104 verbose about to build C:\Users\Desenvolvedor\Nodejs\orders_now\Server\node_modules\enum
105 info build C:\Users\Desenvolvedor\Nodejs\orders_now\Server\node_modules\enum
106 info linkStuff enum@2.2.0
107 silly linkStuff enum@2.2.0 has C:\Users\Desenvolvedor\Nodejs\orders_now\Server\node_modules as its parent node_modules
108 verbose linkBins enum@2.2.0
109 verbose linkMans enum@2.2.0
110 verbose rebuildBundles enum@2.2.0
111 info install enum@2.2.0
112 info postinstall enum@2.2.0
113 verbose unlock done using C:\Users\Desenvolvedor\AppData\Roaming\npm-cache\_locks\enum-977eac925b08f5c5.lock for C:\Users\Desenvolvedor\Nodejs\orders_now\Server\node_modules\enum
114 verbose validateInstall loading C:\Users\Desenvolvedor\Nodejs\orders_now\Server\package.json for validation
115 verbose stack Error: The package mongoose@4.1.11 does not satisfy its siblings' peerDependencies requirements!
115 verbose stack     at C:\Program Files\nodejs\node_modules\npm\lib\install.js:125:32
115 verbose stack     at C:\Program Files\nodejs\node_modules\npm\lib\install.js:268:7
115 verbose stack     at C:\Program Files\nodejs\node_modules\npm\node_modules\read-installed\read-installed.js:142:5
115 verbose stack     at C:\Program Files\nodejs\node_modules\npm\node_modules\read-installed\read-installed.js:263:14
115 verbose stack     at cb (C:\Program Files\nodejs\node_modules\npm\node_modules\slide\lib\async-map.js:47:24)
115 verbose stack     at C:\Program Files\nodejs\node_modules\npm\node_modules\read-installed\read-installed.js:263:14
115 verbose stack     at cb (C:\Program Files\nodejs\node_modules\npm\node_modules\slide\lib\async-map.js:47:24)
115 verbose stack     at C:\Program Files\nodejs\node_modules\npm\node_modules\read-installed\read-installed.js:263:14
115 verbose stack     at cb (C:\Program Files\nodejs\node_modules\npm\node_modules\slide\lib\async-map.js:47:24)
115 verbose stack     at C:\Program Files\nodejs\node_modules\npm\node_modules\read-installed\read-installed.js:263:14
116 verbose cwd C:\Users\Desenvolvedor\Nodejs\orders_now\Server
117 error Windows_NT 6.3.9600
118 error argv "C:\\Program Files\\nodejs\\node.exe" "C:\\Program Files\\nodejs\\node_modules\\npm\\bin\\npm-cli.js" "install" "enum" "--save"
119 error node v4.2.1
120 error npm  v2.14.7
121 error code EPEERINVALID
122 error peerinvalid The package mongoose@4.1.11 does not satisfy its siblings' peerDependencies requirements!
122 error peerinvalid Peer mongoose-auto-increment@4.0.0 wants mongoose@~4.0.0
123 verbose exit [ 1, true ]
